2023-02-13 10:11:16,782 [INFO ] step_definitions.common_step_definition [main] Instantiation the commonutils
2023-02-13 10:11:16,811 [INFO ] step_definitions.common_step_definition [main] Launch Browser
2023-02-13 10:11:24,714 [INFO ] step_definitions.Datastructure_Stepdef [main] User logged in sucessfully
2023-02-13 10:11:27,328 [INFO ] step_definitions.Datastructure_Stepdef [main] User click Timecomplexity page
2023-02-13 10:11:28,828 [INFO ] step_definitions.common_step_definition [main] Instantiation the commonutils
2023-02-13 10:11:28,829 [INFO ] step_definitions.common_step_definition [main] Launch Browser
2023-02-13 10:11:30,441 [INFO ] step_definitions.Datastructure_Stepdef [main] User logged in sucessfully
2023-02-13 10:11:30,768 [INFO ] step_definitions.Datastructure_Stepdef [main] User clicked the Time Complexity page link
2023-02-13 10:11:31,651 [INFO ] step_definitions.Datastructure_Stepdef [main] User clicked Time complexity in Dspage
2023-02-13 10:11:31,685 [INFO ] step_definitions.Datastructure_Stepdef [main] send text to editor print('dsalgo project test')
2023-02-13 10:11:32,741 [INFO ] step_definitions.Datastructure_Stepdef [main] Arraylist count :2
2023-02-13 10:11:37,826 [INFO ] step_definitions.common_step_definition [main] Instantiation the commonutils
2023-02-13 10:11:37,828 [INFO ] step_definitions.common_step_definition [main] Launch Browser
2023-02-13 10:11:37,850 [INFO ] step_definitions.common_step_definition [main] Instantiation the commonutils
2023-02-13 10:11:37,858 [INFO ] step_definitions.common_step_definition [main] Launch Browser
2023-02-13 10:11:39,649 [INFO ] step_definitions.Array_Stepdef [main] User logged in sucessfully
2023-02-13 10:11:40,117 [INFO ] step_definitions.Array_Stepdef [main] User clicked Applications of Array page link
2023-02-13 10:11:40,678 [INFO ] step_definitions.Array_Stepdef [main] User clicked practice question page
2023-02-13 10:19:04,479 [INFO ] step_definitions.common_step_definition [main] Instantiation the commonutils
2023-02-13 10:19:04,484 [INFO ] step_definitions.common_step_definition [main] Launch Browser
2023-02-13 10:19:10,757 [INFO ] step_definitions.Datastructure_Stepdef [main] User logged in sucessfully
2023-02-13 10:19:13,457 [INFO ] step_definitions.Datastructure_Stepdef [main] User click Timecomplexity page
2023-02-13 10:19:14,901 [INFO ] step_definitions.common_step_definition [main] Instantiation the commonutils
2023-02-13 10:19:14,902 [INFO ] step_definitions.common_step_definition [main] Launch Browser
2023-02-13 10:19:16,490 [INFO ] step_definitions.Datastructure_Stepdef [main] User logged in sucessfully
2023-02-13 10:19:16,928 [INFO ] step_definitions.Datastructure_Stepdef [main] User clicked the Time Complexity page link
2023-02-13 10:19:17,762 [INFO ] step_definitions.Datastructure_Stepdef [main] User clicked Time complexity in Dspage
2023-02-13 10:19:17,802 [INFO ] step_definitions.Datastructure_Stepdef [main] send text to editor print('dsalgo project test')
2023-02-13 10:19:18,900 [INFO ] step_definitions.Datastructure_Stepdef [main] Arraylist count :2
2023-02-13 10:19:24,061 [INFO ] step_definitions.common_step_definition [main] Instantiation the commonutils
2023-02-13 10:19:24,063 [INFO ] step_definitions.common_step_definition [main] Launch Browser
2023-02-13 10:19:24,107 [INFO ] step_definitions.common_step_definition [main] Instantiation the commonutils
2023-02-13 10:19:24,108 [INFO ] step_definitions.common_step_definition [main] Launch Browser
2023-02-13 10:19:26,090 [INFO ] step_definitions.Array_Stepdef [main] User logged in sucessfully
2023-02-13 10:19:26,606 [INFO ] step_definitions.Array_Stepdef [main] User clicked Applications of Array page link
2023-02-13 10:19:27,009 [INFO ] step_definitions.Array_Stepdef [main] User clicked practice question page
2023-02-13 11:23:18,087 [INFO ] step_definitions.common_step_definition [main] Instantiation the commonutils
2023-02-13 11:23:18,093 [INFO ] step_definitions.common_step_definition [main] Launch Browser
2023-02-13 11:23:24,899 [INFO ] step_definitions.Datastructure_Stepdef [main] User logged in sucessfully
2023-02-13 11:23:27,336 [INFO ] step_definitions.Datastructure_Stepdef [main] User click Timecomplexity page
2023-02-13 11:23:28,558 [INFO ] step_definitions.common_step_definition [main] Instantiation the commonutils
2023-02-13 11:23:28,559 [INFO ] step_definitions.common_step_definition [main] Launch Browser
2023-02-13 11:23:29,734 [INFO ] step_definitions.Datastructure_Stepdef [main] User logged in sucessfully
2023-02-13 11:23:30,016 [INFO ] step_definitions.Datastructure_Stepdef [main] User clicked the Time Complexity page link
2023-02-13 11:23:30,687 [INFO ] step_definitions.Datastructure_Stepdef [main] User clicked Time complexity in Dspage
2023-02-13 11:23:30,709 [INFO ] step_definitions.Datastructure_Stepdef [main] send text to editor print('dsalgo project test')
2023-02-13 11:23:31,790 [INFO ] step_definitions.Datastructure_Stepdef [main] Arraylist count :2
2023-02-13 11:23:36,957 [INFO ] step_definitions.common_step_definition [main] Instantiation the commonutils
2023-02-13 11:23:36,958 [INFO ] step_definitions.common_step_definition [main] Launch Browser
2023-02-13 11:23:36,983 [INFO ] step_definitions.common_step_definition [main] Instantiation the commonutils
2023-02-13 11:23:36,984 [INFO ] step_definitions.common_step_definition [main] Launch Browser
2023-02-13 11:23:38,545 [INFO ] step_definitions.Array_Stepdef [main] User logged in sucessfully
2023-02-13 11:23:39,018 [INFO ] step_definitions.Array_Stepdef [main] User clicked Applications of Array page link
2023-02-13 11:23:39,390 [INFO ] step_definitions.Array_Stepdef [main] User clicked practice question page
2023-02-13 11:30:44,417 [INFO ] step_definitions.common_step_definition [main] Instantiation the commonutils
2023-02-13 11:30:44,423 [INFO ] step_definitions.common_step_definition [main] Launch Browser
2023-02-13 11:30:52,043 [INFO ] step_definitions.Datastructure_Stepdef [main] User logged in sucessfully
2023-02-13 11:30:54,611 [INFO ] step_definitions.Datastructure_Stepdef [main] User click Timecomplexity page
2023-02-13 11:30:56,271 [INFO ] step_definitions.common_step_definition [main] Instantiation the commonutils
2023-02-13 11:30:56,273 [INFO ] step_definitions.common_step_definition [main] Launch Browser
2023-02-13 11:30:58,337 [INFO ] step_definitions.Datastructure_Stepdef [main] User logged in sucessfully
2023-02-13 11:30:58,750 [INFO ] step_definitions.Datastructure_Stepdef [main] User clicked the Time Complexity page link
2023-02-13 11:30:59,648 [INFO ] step_definitions.Datastructure_Stepdef [main] User clicked Time complexity in Dspage
2023-02-13 11:30:59,687 [INFO ] step_definitions.Datastructure_Stepdef [main] send text to editor print('dsalgo project test')
2023-02-13 11:31:00,922 [INFO ] step_definitions.Datastructure_Stepdef [main] Arraylist count :2
2023-02-13 11:31:06,155 [INFO ] step_definitions.common_step_definition [main] Instantiation the commonutils
2023-02-13 11:31:06,157 [INFO ] step_definitions.common_step_definition [main] Launch Browser
2023-02-13 11:31:06,191 [INFO ] step_definitions.common_step_definition [main] Instantiation the commonutils
2023-02-13 11:31:06,192 [INFO ] step_definitions.common_step_definition [main] Launch Browser
2023-02-13 13:13:36,833 [INFO ] step_definitions.common_step_definition [main] Instantiation the commonutils
2023-02-13 13:13:36,837 [INFO ] step_definitions.common_step_definition [main] Launch Browser
2023-02-13 13:13:43,880 [INFO ] step_definitions.Datastructure_Stepdef [main] User logged in sucessfully
2023-02-13 13:13:46,337 [INFO ] step_definitions.Datastructure_Stepdef [main] User click Timecomplexity page
2023-02-13 13:13:48,045 [INFO ] step_definitions.common_step_definition [main] Instantiation the commonutils
2023-02-13 13:13:48,049 [INFO ] step_definitions.common_step_definition [main] Launch Browser
2023-02-13 13:13:49,416 [INFO ] step_definitions.Datastructure_Stepdef [main] User logged in sucessfully
2023-02-13 13:13:49,716 [INFO ] step_definitions.Datastructure_Stepdef [main] User clicked the Time Complexity page link
2023-02-13 13:13:50,456 [INFO ] step_definitions.Datastructure_Stepdef [main] User clicked Time complexity in Dspage
2023-02-13 13:13:50,471 [INFO ] step_definitions.Datastructure_Stepdef [main] send text to editor print('dsalgo project test')
2023-02-13 13:13:51,709 [INFO ] step_definitions.Datastructure_Stepdef [main] Arraylist count :2
2023-02-13 13:13:56,946 [INFO ] step_definitions.common_step_definition [main] Instantiation the commonutils
2023-02-13 13:13:56,947 [INFO ] step_definitions.common_step_definition [main] Launch Browser
2023-02-13 13:24:23,902 [INFO ] step_definitions.common_step_definition [main] Instantiation the commonutils
2023-02-13 13:24:23,911 [INFO ] step_definitions.common_step_definition [main] Launch Browser
2023-02-13 13:24:30,234 [INFO ] step_definitions.Datastructure_Stepdef [main] User logged in sucessfully
2023-02-13 13:24:32,657 [INFO ] step_definitions.Datastructure_Stepdef [main] User click Timecomplexity page
2023-02-13 13:24:34,482 [INFO ] step_definitions.common_step_definition [main] Instantiation the commonutils
2023-02-13 13:24:34,484 [INFO ] step_definitions.common_step_definition [main] Launch Browser
2023-02-13 13:24:35,899 [INFO ] step_definitions.Datastructure_Stepdef [main] User logged in sucessfully
2023-02-13 13:24:36,166 [INFO ] step_definitions.Datastructure_Stepdef [main] User clicked the Time Complexity page link
2023-02-13 13:24:36,923 [INFO ] step_definitions.Datastructure_Stepdef [main] User clicked Time complexity in Dspage
2023-02-13 13:24:36,939 [INFO ] step_definitions.Datastructure_Stepdef [main] send text to editor print('dsalgo project test')
2023-02-13 13:24:38,191 [INFO ] step_definitions.Datastructure_Stepdef [main] Arraylist count :2
2023-02-13 13:24:43,374 [INFO ] step_definitions.common_step_definition [main] Instantiation the commonutils
2023-02-13 13:24:43,375 [INFO ] step_definitions.common_step_definition [main] Launch Browser
2023-02-13 13:31:29,355 [INFO ] step_definitions.common_step_definition [main] Instantiation the commonutils
2023-02-13 13:31:29,362 [INFO ] step_definitions.common_step_definition [main] Launch Browser
2023-02-13 13:31:35,873 [INFO ] step_definitions.Datastructure_Stepdef [main] User logged in sucessfully
2023-02-13 13:31:38,310 [INFO ] step_definitions.Datastructure_Stepdef [main] User click Timecomplexity page
2023-02-13 13:31:40,216 [INFO ] step_definitions.common_step_definition [main] Instantiation the commonutils
2023-02-13 13:31:40,219 [INFO ] step_definitions.common_step_definition [main] Launch Browser
2023-02-13 13:31:41,694 [INFO ] step_definitions.Datastructure_Stepdef [main] User logged in sucessfully
2023-02-13 13:31:42,022 [INFO ] step_definitions.Datastructure_Stepdef [main] User clicked the Time Complexity page link
2023-02-13 13:31:42,798 [INFO ] step_definitions.Datastructure_Stepdef [main] User clicked Time complexity in Dspage
2023-02-13 13:31:42,812 [INFO ] step_definitions.Datastructure_Stepdef [main] send text to editor print('dsalgo project test')
2023-02-13 13:31:44,326 [INFO ] step_definitions.Datastructure_Stepdef [main] Arraylist count :2
2023-02-13 13:31:49,549 [INFO ] step_definitions.common_step_definition [main] Instantiation the commonutils
2023-02-13 13:31:49,550 [INFO ] step_definitions.common_step_definition [main] Launch Browser
2023-02-13 14:24:42,620 [INFO ] step_definitions.common_step_definition [main] Instantiation the commonutils
2023-02-13 14:24:42,631 [INFO ] step_definitions.common_step_definition [main] Launch Browser
2023-02-13 14:24:52,725 [INFO ] step_definitions.Datastructure_Stepdef [main] User logged in sucessfully
2023-02-13 14:24:55,297 [INFO ] step_definitions.Datastructure_Stepdef [main] User click Timecomplexity page
2023-02-13 14:24:58,014 [INFO ] step_definitions.common_step_definition [main] Instantiation the commonutils
2023-02-13 14:24:58,020 [INFO ] step_definitions.common_step_definition [main] Launch Browser
2023-02-13 14:24:59,934 [INFO ] step_definitions.Datastructure_Stepdef [main] User logged in sucessfully
2023-02-13 14:25:00,511 [INFO ] step_definitions.Datastructure_Stepdef [main] User clicked the Time Complexity page link
2023-02-13 14:25:01,525 [INFO ] step_definitions.Datastructure_Stepdef [main] User clicked Time complexity in Dspage
2023-02-13 14:25:01,567 [INFO ] step_definitions.Datastructure_Stepdef [main] send text to editor print('dsalgo project test')
2023-02-13 14:25:03,199 [INFO ] step_definitions.Datastructure_Stepdef [main] Arraylist count :2
2023-02-13 14:25:08,386 [INFO ] step_definitions.common_step_definition [main] Instantiation the commonutils
2023-02-13 14:25:08,387 [INFO ] step_definitions.common_step_definition [main] Launch Browser
2023-02-13 14:30:17,534 [INFO ] step_definitions.common_step_definition [main] Instantiation the commonutils
2023-02-13 14:30:17,545 [INFO ] step_definitions.common_step_definition [main] Launch Browser
2023-02-13 14:30:25,750 [INFO ] step_definitions.Datastructure_Stepdef [main] User logged in sucessfully
2023-02-13 14:30:28,405 [INFO ] step_definitions.Datastructure_Stepdef [main] User click Timecomplexity page
2023-02-13 14:30:31,561 [INFO ] step_definitions.common_step_definition [main] Instantiation the commonutils
2023-02-13 14:30:31,575 [INFO ] step_definitions.common_step_definition [main] Launch Browser
2023-02-13 14:30:33,487 [INFO ] step_definitions.Datastructure_Stepdef [main] User logged in sucessfully
2023-02-13 14:30:33,919 [INFO ] step_definitions.Datastructure_Stepdef [main] User clicked the Time Complexity page link
2023-02-13 14:30:34,994 [INFO ] step_definitions.Datastructure_Stepdef [main] User clicked Time complexity in Dspage
2023-02-13 14:30:35,012 [INFO ] step_definitions.Datastructure_Stepdef [main] send text to editor print('dsalgo project test')
2023-02-13 14:30:36,419 [INFO ] step_definitions.Datastructure_Stepdef [main] Arraylist count :2
2023-02-13 14:30:41,675 [INFO ] step_definitions.common_step_definition [main] Instantiation the commonutils
2023-02-13 14:30:41,676 [INFO ] step_definitions.common_step_definition [main] Launch Browser
2023-02-13 14:39:05,665 [INFO ] step_definitions.common_step_definition [main] Instantiation the commonutils
2023-02-13 14:39:05,673 [INFO ] step_definitions.common_step_definition [main] Launch Browser
2023-02-13 14:39:14,345 [INFO ] step_definitions.Datastructure_Stepdef [main] User logged in sucessfully
2023-02-13 14:39:16,965 [INFO ] step_definitions.Datastructure_Stepdef [main] User click Timecomplexity page
2023-02-13 14:39:19,186 [INFO ] step_definitions.common_step_definition [main] Instantiation the commonutils
2023-02-13 14:39:19,187 [INFO ] step_definitions.common_step_definition [main] Launch Browser
2023-02-13 14:39:20,804 [INFO ] step_definitions.Datastructure_Stepdef [main] User logged in sucessfully
2023-02-13 14:39:21,184 [INFO ] step_definitions.Datastructure_Stepdef [main] User clicked the Time Complexity page link
2023-02-13 14:39:22,197 [INFO ] step_definitions.Datastructure_Stepdef [main] User clicked Time complexity in Dspage
2023-02-13 14:39:22,325 [INFO ] step_definitions.Datastructure_Stepdef [main] send text to editor print('dsalgo project test')
2023-02-13 14:39:24,121 [INFO ] step_definitions.Datastructure_Stepdef [main] Arraylist count :2
2023-02-13 14:39:29,710 [INFO ] step_definitions.common_step_definition [main] Instantiation the commonutils
2023-02-13 14:39:29,711 [INFO ] step_definitions.common_step_definition [main] Launch Browser
2023-02-13 14:42:53,710 [INFO ] step_definitions.common_step_definition [main] Instantiation the commonutils
2023-02-13 14:42:53,718 [INFO ] step_definitions.common_step_definition [main] Launch Browser
2023-02-13 14:43:02,161 [INFO ] step_definitions.Datastructure_Stepdef [main] User logged in sucessfully
2023-02-13 14:43:04,692 [INFO ] step_definitions.Datastructure_Stepdef [main] User click Timecomplexity page
2023-02-13 14:43:06,956 [INFO ] step_definitions.common_step_definition [main] Instantiation the commonutils
2023-02-13 14:43:06,958 [INFO ] step_definitions.common_step_definition [main] Launch Browser
2023-02-13 14:43:08,717 [INFO ] step_definitions.Datastructure_Stepdef [main] User logged in sucessfully
2023-02-13 14:43:09,135 [INFO ] step_definitions.Datastructure_Stepdef [main] User clicked the Time Complexity page link
2023-02-13 14:43:10,088 [INFO ] step_definitions.Datastructure_Stepdef [main] User clicked Time complexity in Dspage
2023-02-13 14:43:10,107 [INFO ] step_definitions.Datastructure_Stepdef [main] send text to editor print('dsalgo project test')
2023-02-13 14:43:11,661 [INFO ] step_definitions.Datastructure_Stepdef [main] Arraylist count :2
2023-02-13 14:43:12,449 [INFO ] step_definitions.common_step_definition [main] Instantiation the commonutils
2023-02-13 14:43:12,450 [INFO ] step_definitions.common_step_definition [main] Launch Browser
2023-02-13 15:03:39,086 [INFO ] step_definitions.common_step_definition [main] Instantiation the commonutils
2023-02-13 15:03:39,094 [INFO ] step_definitions.common_step_definition [main] Launch Browser
2023-02-13 15:03:45,314 [INFO ] step_definitions.Datastructure_Stepdef [main] User logged in sucessfully
2023-02-13 15:03:47,744 [INFO ] step_definitions.Datastructure_Stepdef [main] User click Timecomplexity page
2023-02-13 15:03:49,462 [INFO ] step_definitions.common_step_definition [main] Instantiation the commonutils
2023-02-13 15:03:49,465 [INFO ] step_definitions.common_step_definition [main] Launch Browser
2023-02-13 15:03:50,721 [INFO ] step_definitions.Datastructure_Stepdef [main] User logged in sucessfully
2023-02-13 15:03:50,984 [INFO ] step_definitions.Datastructure_Stepdef [main] User clicked the Time Complexity page link
2023-02-13 15:03:51,764 [INFO ] step_definitions.Datastructure_Stepdef [main] User clicked Time complexity in Dspage
2023-02-13 15:03:51,781 [INFO ] step_definitions.Datastructure_Stepdef [main] send text to editor print('dsalgo project test')
2023-02-13 15:03:52,787 [INFO ] step_definitions.Datastructure_Stepdef [main] Arraylist count :2
2023-02-13 15:03:53,192 [INFO ] step_definitions.common_step_definition [main] Instantiation the commonutils
2023-02-13 15:03:53,193 [INFO ] step_definitions.common_step_definition [main] Launch Browser
2023-02-13 15:19:24,783 [INFO ] step_definitions.common_step_definition [main] Instantiation the commonutils
2023-02-13 15:19:24,793 [INFO ] step_definitions.common_step_definition [main] Launch Browser
2023-02-13 15:19:32,642 [INFO ] step_definitions.Datastructure_Stepdef [main] User logged in sucessfully
2023-02-13 15:19:35,211 [INFO ] step_definitions.Datastructure_Stepdef [main] User click Timecomplexity page
2023-02-13 15:19:38,202 [INFO ] step_definitions.common_step_definition [main] Instantiation the commonutils
2023-02-13 15:19:38,203 [INFO ] step_definitions.common_step_definition [main] Launch Browser
2023-02-13 15:19:40,066 [INFO ] step_definitions.Datastructure_Stepdef [main] User logged in sucessfully
2023-02-13 15:19:40,459 [INFO ] step_definitions.Datastructure_Stepdef [main] User clicked the Time Complexity page link
2023-02-13 15:19:41,392 [INFO ] step_definitions.Datastructure_Stepdef [main] User clicked Time complexity in Dspage
2023-02-13 15:19:41,410 [INFO ] step_definitions.Datastructure_Stepdef [main] send text to editor print('dsalgo project test')
2023-02-13 15:19:42,750 [INFO ] step_definitions.Datastructure_Stepdef [main] Arraylist count :2
2023-02-13 15:19:43,720 [INFO ] step_definitions.common_step_definition [main] Instantiation the commonutils
2023-02-13 15:19:43,721 [INFO ] step_definitions.common_step_definition [main] Launch Browser
2023-02-13 15:21:24,352 [INFO ] step_definitions.common_step_definition [main] Instantiation the commonutils
2023-02-13 15:21:24,359 [INFO ] step_definitions.common_step_definition [main] Launch Browser
2023-02-13 15:21:33,051 [INFO ] step_definitions.Datastructure_Stepdef [main] User logged in sucessfully
2023-02-13 15:21:35,631 [INFO ] step_definitions.Datastructure_Stepdef [main] User click Timecomplexity page
2023-02-13 15:21:37,977 [INFO ] step_definitions.common_step_definition [main] Instantiation the commonutils
2023-02-13 15:21:37,980 [INFO ] step_definitions.common_step_definition [main] Launch Browser
2023-02-13 15:21:40,002 [INFO ] step_definitions.Datastructure_Stepdef [main] User logged in sucessfully
2023-02-13 15:21:40,427 [INFO ] step_definitions.Datastructure_Stepdef [main] User clicked the Time Complexity page link
2023-02-13 15:21:41,326 [INFO ] step_definitions.Datastructure_Stepdef [main] User clicked Time complexity in Dspage
2023-02-13 15:21:41,344 [INFO ] step_definitions.Datastructure_Stepdef [main] send text to editor print('dsalgo project test')
2023-02-13 15:21:42,357 [INFO ] step_definitions.Datastructure_Stepdef [main] Arraylist count :2
2023-02-13 15:21:42,946 [INFO ] step_definitions.common_step_definition [main] Instantiation the commonutils
2023-02-13 15:21:42,949 [INFO ] step_definitions.common_step_definition [main] Launch Browser
2023-02-13 15:22:04,551 [INFO ] step_definitions.common_step_definition [main] Instantiation the commonutils
2023-02-13 15:22:04,559 [INFO ] step_definitions.common_step_definition [main] Launch Browser
2023-02-13 15:22:11,642 [INFO ] step_definitions.Datastructure_Stepdef [main] User logged in sucessfully
2023-02-13 15:22:14,124 [INFO ] step_definitions.Datastructure_Stepdef [main] User click Timecomplexity page
2023-02-13 15:22:16,849 [INFO ] step_definitions.common_step_definition [main] Instantiation the commonutils
2023-02-13 15:22:16,850 [INFO ] step_definitions.common_step_definition [main] Launch Browser
2023-02-13 15:22:18,712 [INFO ] step_definitions.Datastructure_Stepdef [main] User logged in sucessfully
2023-02-13 15:22:19,136 [INFO ] step_definitions.Datastructure_Stepdef [main] User clicked the Time Complexity page link
2023-02-13 15:22:20,098 [INFO ] step_definitions.Datastructure_Stepdef [main] User clicked Time complexity in Dspage
2023-02-13 15:22:20,109 [INFO ] step_definitions.Datastructure_Stepdef [main] send text to editor print('dsalgo project test')
2023-02-13 15:22:21,153 [INFO ] step_definitions.Datastructure_Stepdef [main] Arraylist count :2
2023-02-13 15:22:21,826 [INFO ] step_definitions.common_step_definition [main] Instantiation the commonutils
2023-02-13 15:22:21,827 [INFO ] step_definitions.common_step_definition [main] Launch Browser
2023-02-13 15:28:59,739 [INFO ] step_definitions.common_step_definition [main] Instantiation the commonutils
2023-02-13 15:28:59,749 [INFO ] step_definitions.common_step_definition [main] Launch Browser
2023-02-13 15:29:09,847 [INFO ] step_definitions.Datastructure_Stepdef [main] User logged in sucessfully
2023-02-13 15:29:12,316 [INFO ] step_definitions.Datastructure_Stepdef [main] User click Timecomplexity page
2023-02-13 15:29:14,327 [INFO ] step_definitions.common_step_definition [main] Instantiation the commonutils
2023-02-13 15:29:14,328 [INFO ] step_definitions.common_step_definition [main] Launch Browser
2023-02-13 15:29:16,017 [INFO ] step_definitions.Datastructure_Stepdef [main] User logged in sucessfully
2023-02-13 15:29:16,400 [INFO ] step_definitions.Datastructure_Stepdef [main] User clicked the Time Complexity page link
2023-02-13 15:29:17,242 [INFO ] step_definitions.Datastructure_Stepdef [main] User clicked Time complexity in Dspage
2023-02-13 15:29:17,253 [INFO ] step_definitions.Datastructure_Stepdef [main] send text to editor print('dsalgo project test')
2023-02-13 15:29:18,496 [INFO ] step_definitions.Datastructure_Stepdef [main] Arraylist count :2
2023-02-13 15:29:19,042 [INFO ] step_definitions.common_step_definition [main] Instantiation the commonutils
2023-02-13 15:29:19,044 [INFO ] step_definitions.common_step_definition [main] Launch Browser
2023-02-13 15:29:41,918 [INFO ] step_definitions.common_step_definition [main] Instantiation the commonutils
2023-02-13 15:29:41,940 [INFO ] step_definitions.common_step_definition [main] Launch Browser
2023-02-13 15:29:49,006 [INFO ] step_definitions.Datastructure_Stepdef [main] User logged in sucessfully
2023-02-13 15:29:51,572 [INFO ] step_definitions.Datastructure_Stepdef [main] User click Timecomplexity page
2023-02-13 15:29:54,471 [INFO ] step_definitions.common_step_definition [main] Instantiation the commonutils
2023-02-13 15:29:54,477 [INFO ] step_definitions.common_step_definition [main] Launch Browser
2023-02-13 15:29:56,285 [INFO ] step_definitions.Datastructure_Stepdef [main] User logged in sucessfully
2023-02-13 15:29:56,764 [INFO ] step_definitions.Datastructure_Stepdef [main] User clicked the Time Complexity page link
2023-02-13 15:29:57,698 [INFO ] step_definitions.Datastructure_Stepdef [main] User clicked Time complexity in Dspage
2023-02-13 15:29:57,719 [INFO ] step_definitions.Datastructure_Stepdef [main] send text to editor print('dsalgo project test')
2023-02-13 15:29:59,210 [INFO ] step_definitions.Datastructure_Stepdef [main] Arraylist count :2
2023-02-13 15:29:59,845 [INFO ] step_definitions.common_step_definition [main] Instantiation the commonutils
2023-02-13 15:29:59,846 [INFO ] step_definitions.common_step_definition [main] Launch Browser
2023-02-13 15:34:08,819 [INFO ] step_definitions.common_step_definition [main] Instantiation the commonutils
2023-02-13 15:34:08,838 [INFO ] step_definitions.common_step_definition [main] Launch Browser
2023-02-13 15:34:17,576 [INFO ] step_definitions.Datastructure_Stepdef [main] User logged in sucessfully
2023-02-13 15:34:20,081 [INFO ] step_definitions.Datastructure_Stepdef [main] User click Timecomplexity page
2023-02-13 15:34:22,331 [INFO ] step_definitions.common_step_definition [main] Instantiation the commonutils
2023-02-13 15:34:22,336 [INFO ] step_definitions.common_step_definition [main] Launch Browser
2023-02-13 15:34:24,148 [INFO ] step_definitions.Datastructure_Stepdef [main] User logged in sucessfully
2023-02-13 15:34:24,566 [INFO ] step_definitions.Datastructure_Stepdef [main] User clicked the Time Complexity page link
2023-02-13 15:34:25,448 [INFO ] step_definitions.Datastructure_Stepdef [main] User clicked Time complexity in Dspage
2023-02-13 15:34:25,465 [INFO ] step_definitions.Datastructure_Stepdef [main] send text to editor print('dsalgo project test')
2023-02-13 15:34:26,947 [INFO ] step_definitions.Datastructure_Stepdef [main] Arraylist count :2
2023-02-13 15:34:27,606 [INFO ] step_definitions.common_step_definition [main] Instantiation the commonutils
2023-02-13 15:34:27,606 [INFO ] step_definitions.common_step_definition [main] Launch Browser
2023-02-13 15:36:27,818 [INFO ] step_definitions.common_step_definition [main] Instantiation the commonutils
2023-02-13 15:36:27,831 [INFO ] step_definitions.common_step_definition [main] Launch Browser
2023-02-13 15:36:41,027 [INFO ] step_definitions.Datastructure_Stepdef [main] User logged in sucessfully
2023-02-13 15:36:43,603 [INFO ] step_definitions.Datastructure_Stepdef [main] User click Timecomplexity page
2023-02-13 15:36:46,390 [INFO ] step_definitions.common_step_definition [main] Instantiation the commonutils
2023-02-13 15:36:46,392 [INFO ] step_definitions.common_step_definition [main] Launch Browser
2023-02-13 15:36:48,394 [INFO ] step_definitions.Datastructure_Stepdef [main] User logged in sucessfully
2023-02-13 15:36:48,828 [INFO ] step_definitions.Datastructure_Stepdef [main] User clicked the Time Complexity page link
2023-02-13 15:36:49,913 [INFO ] step_definitions.Datastructure_Stepdef [main] User clicked Time complexity in Dspage
2023-02-13 15:36:49,934 [INFO ] step_definitions.Datastructure_Stepdef [main] send text to editor print('dsalgo project test')
2023-02-13 15:36:51,459 [INFO ] step_definitions.Datastructure_Stepdef [main] Arraylist count :2
2023-02-13 15:36:52,121 [INFO ] step_definitions.common_step_definition [main] Instantiation the commonutils
2023-02-13 15:36:52,123 [INFO ] step_definitions.common_step_definition [main] Launch Browser
2023-02-13 15:40:41,736 [INFO ] step_definitions.common_step_definition [main] Instantiation the commonutils
2023-02-13 15:40:41,745 [INFO ] step_definitions.common_step_definition [main] Launch Browser
2023-02-13 15:40:49,975 [INFO ] step_definitions.Datastructure_Stepdef [main] User logged in sucessfully
2023-02-13 15:40:52,658 [INFO ] step_definitions.Datastructure_Stepdef [main] User click Timecomplexity page
2023-02-13 15:40:55,104 [INFO ] step_definitions.common_step_definition [main] Instantiation the commonutils
2023-02-13 15:40:55,109 [INFO ] step_definitions.common_step_definition [main] Launch Browser
2023-02-13 15:40:56,950 [INFO ] step_definitions.Datastructure_Stepdef [main] User logged in sucessfully
2023-02-13 15:40:57,380 [INFO ] step_definitions.Datastructure_Stepdef [main] User clicked the Time Complexity page link
2023-02-13 15:40:58,352 [INFO ] step_definitions.Datastructure_Stepdef [main] User clicked Time complexity in Dspage
2023-02-13 15:40:58,392 [INFO ] step_definitions.Datastructure_Stepdef [main] send text to editor print('dsalgo project test')
2023-02-13 15:40:59,693 [INFO ] step_definitions.Datastructure_Stepdef [main] Arraylist count :2
2023-02-13 15:41:00,359 [INFO ] step_definitions.common_step_definition [main] Instantiation the commonutils
2023-02-13 15:41:00,360 [INFO ] step_definitions.common_step_definition [main] Launch Browser
2023-02-13 15:42:54,101 [INFO ] step_definitions.common_step_definition [main] Instantiation the commonutils
2023-02-13 15:42:54,109 [INFO ] step_definitions.common_step_definition [main] Launch Browser
2023-02-13 15:43:00,960 [INFO ] step_definitions.Datastructure_Stepdef [main] User logged in sucessfully
2023-02-13 15:43:03,360 [INFO ] step_definitions.Datastructure_Stepdef [main] User click Timecomplexity page
2023-02-13 15:43:05,403 [INFO ] step_definitions.common_step_definition [main] Instantiation the commonutils
2023-02-13 15:43:05,404 [INFO ] step_definitions.common_step_definition [main] Launch Browser
2023-02-13 15:43:07,077 [INFO ] step_definitions.Datastructure_Stepdef [main] User logged in sucessfully
2023-02-13 15:43:07,442 [INFO ] step_definitions.Datastructure_Stepdef [main] User clicked the Time Complexity page link
2023-02-13 15:43:08,262 [INFO ] step_definitions.Datastructure_Stepdef [main] User clicked Time complexity in Dspage
2023-02-13 15:43:08,276 [INFO ] step_definitions.Datastructure_Stepdef [main] send text to editor print('dsalgo project test')
2023-02-13 15:43:09,506 [INFO ] step_definitions.Datastructure_Stepdef [main] Arraylist count :2
2023-02-13 15:43:10,059 [INFO ] step_definitions.common_step_definition [main] Instantiation the commonutils
2023-02-13 15:43:10,061 [INFO ] step_definitions.common_step_definition [main] Launch Browser
2023-02-13 15:46:20,052 [INFO ] step_definitions.common_step_definition [main] Instantiation the commonutils
2023-02-13 15:46:20,060 [INFO ] step_definitions.common_step_definition [main] Launch Browser
2023-02-13 15:46:28,365 [INFO ] step_definitions.Datastructure_Stepdef [main] User logged in sucessfully
2023-02-13 15:46:30,944 [INFO ] step_definitions.Datastructure_Stepdef [main] User click Timecomplexity page
2023-02-13 15:46:33,566 [INFO ] step_definitions.common_step_definition [main] Instantiation the commonutils
2023-02-13 15:46:33,567 [INFO ] step_definitions.common_step_definition [main] Launch Browser
2023-02-13 15:46:35,555 [INFO ] step_definitions.Datastructure_Stepdef [main] User logged in sucessfully
2023-02-13 15:46:36,037 [INFO ] step_definitions.Datastructure_Stepdef [main] User clicked the Time Complexity page link
2023-02-13 15:46:36,972 [INFO ] step_definitions.Datastructure_Stepdef [main] User clicked Time complexity in Dspage
2023-02-13 15:46:37,023 [INFO ] step_definitions.Datastructure_Stepdef [main] send text to editor print('dsalgo project test')
2023-02-13 15:46:38,383 [INFO ] step_definitions.Datastructure_Stepdef [main] Arraylist count :2
2023-02-13 15:46:39,407 [INFO ] step_definitions.common_step_definition [main] Instantiation the commonutils
2023-02-13 15:46:39,408 [INFO ] step_definitions.common_step_definition [main] Launch Browser
2023-02-13 15:49:06,158 [INFO ] step_definitions.common_step_definition [main] Instantiation the commonutils
2023-02-13 15:49:06,166 [INFO ] step_definitions.common_step_definition [main] Launch Browser
2023-02-13 15:49:13,573 [INFO ] step_definitions.Datastructure_Stepdef [main] User logged in sucessfully
2023-02-13 15:49:16,122 [INFO ] step_definitions.Datastructure_Stepdef [main] User click Timecomplexity page
2023-02-13 15:49:18,104 [INFO ] step_definitions.common_step_definition [main] Instantiation the commonutils
2023-02-13 15:49:18,106 [INFO ] step_definitions.common_step_definition [main] Launch Browser
2023-02-13 15:49:19,731 [INFO ] step_definitions.Datastructure_Stepdef [main] User logged in sucessfully
2023-02-13 15:49:20,097 [INFO ] step_definitions.Datastructure_Stepdef [main] User clicked the Time Complexity page link
2023-02-13 15:49:20,939 [INFO ] step_definitions.Datastructure_Stepdef [main] User clicked Time complexity in Dspage
2023-02-13 15:49:20,957 [INFO ] step_definitions.Datastructure_Stepdef [main] send text to editor print('dsalgo project test')
2023-02-13 15:49:22,201 [INFO ] step_definitions.Datastructure_Stepdef [main] Arraylist count :2
2023-02-13 15:49:23,722 [INFO ] step_definitions.common_step_definition [main] Instantiation the commonutils
2023-02-13 15:49:23,723 [INFO ] step_definitions.common_step_definition [main] Launch Browser
2023-02-13 15:50:24,414 [INFO ] step_definitions.common_step_definition [main] Instantiation the commonutils
2023-02-13 15:50:24,422 [INFO ] step_definitions.common_step_definition [main] Launch Browser
2023-02-13 15:50:31,291 [INFO ] step_definitions.Datastructure_Stepdef [main] User logged in sucessfully
2023-02-13 15:50:33,828 [INFO ] step_definitions.Datastructure_Stepdef [main] User click Timecomplexity page
2023-02-13 15:50:35,845 [INFO ] step_definitions.common_step_definition [main] Instantiation the commonutils
2023-02-13 15:50:35,848 [INFO ] step_definitions.common_step_definition [main] Launch Browser
2023-02-13 15:50:37,483 [INFO ] step_definitions.Datastructure_Stepdef [main] User logged in sucessfully
2023-02-13 15:50:37,833 [INFO ] step_definitions.Datastructure_Stepdef [main] User clicked the Time Complexity page link
2023-02-13 15:50:38,757 [INFO ] step_definitions.Datastructure_Stepdef [main] User clicked Time complexity in Dspage
2023-02-13 15:50:38,786 [INFO ] step_definitions.Datastructure_Stepdef [main] send text to editor print('dsalgo project test')
2023-02-13 15:50:40,179 [INFO ] step_definitions.Datastructure_Stepdef [main] Arraylist count :2
2023-02-13 15:50:41,716 [INFO ] step_definitions.common_step_definition [main] Instantiation the commonutils
2023-02-13 15:50:41,717 [INFO ] step_definitions.common_step_definition [main] Launch Browser
2023-02-13 15:51:53,454 [INFO ] step_definitions.common_step_definition [main] Instantiation the commonutils
2023-02-13 15:51:53,465 [INFO ] step_definitions.common_step_definition [main] Launch Browser
2023-02-13 15:52:00,048 [INFO ] step_definitions.Datastructure_Stepdef [main] User logged in sucessfully
2023-02-13 15:52:02,614 [INFO ] step_definitions.Datastructure_Stepdef [main] User click Timecomplexity page
2023-02-13 15:52:04,561 [INFO ] step_definitions.common_step_definition [main] Instantiation the commonutils
2023-02-13 15:52:04,562 [INFO ] step_definitions.common_step_definition [main] Launch Browser
2023-02-13 15:52:06,192 [INFO ] step_definitions.Datastructure_Stepdef [main] User logged in sucessfully
2023-02-13 15:52:06,563 [INFO ] step_definitions.Datastructure_Stepdef [main] User clicked the Time Complexity page link
2023-02-13 15:52:07,445 [INFO ] step_definitions.Datastructure_Stepdef [main] User clicked Time complexity in Dspage
2023-02-13 15:52:07,459 [INFO ] step_definitions.Datastructure_Stepdef [main] send text to editor print('dsalgo project test')
2023-02-13 15:52:08,673 [INFO ] step_definitions.Datastructure_Stepdef [main] Arraylist count :2
2023-02-13 15:52:10,201 [INFO ] step_definitions.common_step_definition [main] Instantiation the commonutils
2023-02-13 15:52:10,202 [INFO ] step_definitions.common_step_definition [main] Launch Browser
2023-02-13 15:52:40,238 [INFO ] step_definitions.common_step_definition [main] Instantiation the commonutils
2023-02-13 15:52:40,248 [INFO ] step_definitions.common_step_definition [main] Launch Browser
2023-02-13 15:52:46,852 [INFO ] step_definitions.Datastructure_Stepdef [main] User logged in sucessfully
2023-02-13 15:52:49,395 [INFO ] step_definitions.Datastructure_Stepdef [main] User click Timecomplexity page
2023-02-13 15:52:51,350 [INFO ] step_definitions.common_step_definition [main] Instantiation the commonutils
2023-02-13 15:52:51,353 [INFO ] step_definitions.common_step_definition [main] Launch Browser
2023-02-13 15:52:52,854 [INFO ] step_definitions.Datastructure_Stepdef [main] User logged in sucessfully
2023-02-13 15:52:53,178 [INFO ] step_definitions.Datastructure_Stepdef [main] User clicked the Time Complexity page link
2023-02-13 15:52:54,085 [INFO ] step_definitions.Datastructure_Stepdef [main] User clicked Time complexity in Dspage
2023-02-13 15:52:54,111 [INFO ] step_definitions.Datastructure_Stepdef [main] send text to editor print('dsalgo project test')
2023-02-13 15:52:55,209 [INFO ] step_definitions.Datastructure_Stepdef [main] Arraylist count :2
2023-02-13 15:52:57,041 [INFO ] step_definitions.common_step_definition [main] Instantiation the commonutils
2023-02-13 15:52:57,043 [INFO ] step_definitions.common_step_definition [main] Launch Browser
2023-02-13 15:53:23,147 [INFO ] step_definitions.common_step_definition [main] Instantiation the commonutils
2023-02-13 15:53:23,155 [INFO ] step_definitions.common_step_definition [main] Launch Browser
2023-02-13 15:53:30,212 [INFO ] step_definitions.Datastructure_Stepdef [main] User logged in sucessfully
2023-02-13 15:53:32,789 [INFO ] step_definitions.Datastructure_Stepdef [main] User click Timecomplexity page
2023-02-13 15:53:35,070 [INFO ] step_definitions.common_step_definition [main] Instantiation the commonutils
2023-02-13 15:53:35,074 [INFO ] step_definitions.common_step_definition [main] Launch Browser
2023-02-13 15:53:36,849 [INFO ] step_definitions.Datastructure_Stepdef [main] User logged in sucessfully
2023-02-13 15:53:37,251 [INFO ] step_definitions.Datastructure_Stepdef [main] User clicked the Time Complexity page link
2023-02-13 15:53:38,453 [INFO ] step_definitions.Datastructure_Stepdef [main] User clicked Time complexity in Dspage
2023-02-13 15:53:38,545 [INFO ] step_definitions.Datastructure_Stepdef [main] send text to editor print('dsalgo project test')
2023-02-13 15:53:39,865 [INFO ] step_definitions.Datastructure_Stepdef [main] Arraylist count :2
2023-02-13 15:53:41,983 [INFO ] step_definitions.common_step_definition [main] Instantiation the commonutils
2023-02-13 15:53:41,987 [INFO ] step_definitions.common_step_definition [main] Launch Browser
2023-02-13 16:03:05,816 [INFO ] step_definitions.common_step_definition [main] Instantiation the commonutils
2023-02-13 16:03:05,824 [INFO ] step_definitions.common_step_definition [main] Launch Browser
2023-02-13 16:03:12,738 [INFO ] step_definitions.Datastructure_Stepdef [main] User logged in sucessfully
2023-02-13 16:03:15,243 [INFO ] step_definitions.Datastructure_Stepdef [main] User click Timecomplexity page
2023-02-13 16:03:17,570 [INFO ] step_definitions.common_step_definition [main] Instantiation the commonutils
2023-02-13 16:03:17,571 [INFO ] step_definitions.common_step_definition [main] Launch Browser
2023-02-13 16:03:19,298 [INFO ] step_definitions.Datastructure_Stepdef [main] User logged in sucessfully
2023-02-13 16:03:19,739 [INFO ] step_definitions.Datastructure_Stepdef [main] User clicked the Time Complexity page link
2023-02-13 16:03:20,572 [INFO ] step_definitions.Datastructure_Stepdef [main] User clicked Time complexity in Dspage
2023-02-13 16:03:20,615 [INFO ] step_definitions.Datastructure_Stepdef [main] send text to editor print('dsalgo project test')
2023-02-13 16:03:21,911 [INFO ] step_definitions.Datastructure_Stepdef [main] Arraylist count :2
2023-02-13 16:03:23,629 [INFO ] step_definitions.common_step_definition [main] Instantiation the commonutils
2023-02-13 16:03:23,631 [INFO ] step_definitions.common_step_definition [main] Launch Browser
2023-02-13 16:10:22,611 [INFO ] step_definitions.common_step_definition [main] Instantiation the commonutils
2023-02-13 16:10:22,623 [INFO ] step_definitions.common_step_definition [main] Launch Browser
2023-02-13 16:10:30,158 [INFO ] step_definitions.Datastructure_Stepdef [main] User logged in sucessfully
2023-02-13 16:10:32,678 [INFO ] step_definitions.Datastructure_Stepdef [main] User click Timecomplexity page
2023-02-13 16:10:35,131 [INFO ] step_definitions.common_step_definition [main] Instantiation the commonutils
2023-02-13 16:10:35,132 [INFO ] step_definitions.common_step_definition [main] Launch Browser
2023-02-13 16:10:36,885 [INFO ] step_definitions.Datastructure_Stepdef [main] User logged in sucessfully
2023-02-13 16:10:37,257 [INFO ] step_definitions.Datastructure_Stepdef [main] User clicked the Time Complexity page link
2023-02-13 16:10:38,214 [INFO ] step_definitions.Datastructure_Stepdef [main] User clicked Time complexity in Dspage
2023-02-13 16:10:38,226 [INFO ] step_definitions.Datastructure_Stepdef [main] send text to editor print('dsalgo project test')
2023-02-13 16:10:39,483 [INFO ] step_definitions.Datastructure_Stepdef [main] Arraylist count :2
2023-02-13 16:10:41,137 [INFO ] step_definitions.common_step_definition [main] Instantiation the commonutils
2023-02-13 16:10:41,138 [INFO ] step_definitions.common_step_definition [main] Launch Browser
2023-02-13 16:12:34,167 [INFO ] step_definitions.common_step_definition [main] Instantiation the commonutils
2023-02-13 16:12:34,174 [INFO ] step_definitions.common_step_definition [main] Launch Browser
2023-02-13 16:12:41,132 [INFO ] step_definitions.Datastructure_Stepdef [main] User logged in sucessfully
2023-02-13 16:12:43,552 [INFO ] step_definitions.Datastructure_Stepdef [main] User click Timecomplexity page
2023-02-13 16:12:45,550 [INFO ] step_definitions.common_step_definition [main] Instantiation the commonutils
2023-02-13 16:12:45,559 [INFO ] step_definitions.common_step_definition [main] Launch Browser
2023-02-13 16:12:47,387 [INFO ] step_definitions.Datastructure_Stepdef [main] User logged in sucessfully
2023-02-13 16:12:47,784 [INFO ] step_definitions.Datastructure_Stepdef [main] User clicked the Time Complexity page link
2023-02-13 16:12:48,641 [INFO ] step_definitions.Datastructure_Stepdef [main] User clicked Time complexity in Dspage
2023-02-13 16:12:48,664 [INFO ] step_definitions.Datastructure_Stepdef [main] send text to editor print('dsalgo project test')
2023-02-13 16:12:49,637 [INFO ] step_definitions.Datastructure_Stepdef [main] Arraylist count :2
2023-02-13 16:19:13,540 [INFO ] step_definitions.common_step_definition [main] Instantiation the commonutils
2023-02-13 16:19:13,571 [INFO ] step_definitions.common_step_definition [main] Launch Browser
2023-02-13 16:19:20,565 [INFO ] step_definitions.Datastructure_Stepdef [main] User logged in sucessfully
2023-02-13 16:19:22,959 [INFO ] step_definitions.Datastructure_Stepdef [main] User click Timecomplexity page
2023-02-13 16:19:25,311 [INFO ] step_definitions.common_step_definition [main] Instantiation the commonutils
2023-02-13 16:19:25,335 [INFO ] step_definitions.common_step_definition [main] Launch Browser
2023-02-13 16:19:27,481 [INFO ] step_definitions.Datastructure_Stepdef [main] User logged in sucessfully
2023-02-13 16:19:27,886 [INFO ] step_definitions.Datastructure_Stepdef [main] User clicked the Time Complexity page link
2023-02-13 16:19:28,860 [INFO ] step_definitions.Datastructure_Stepdef [main] User clicked Time complexity in Dspage
2023-02-13 16:19:28,889 [INFO ] step_definitions.Datastructure_Stepdef [main] send text to editor print('dsalgo project test')
2023-02-13 16:19:29,963 [INFO ] step_definitions.Datastructure_Stepdef [main] Arraylist count :2
